Arguments: 
  /usr/local/bin/node /usr/local/bin/yarn add @hotwired/stimulus-loading

PATH: 
  /usr/local/opt/ruby/bin:/usr/local/lib/ruby/gems/2.7.0/bin:/usr/local/bin:/usr/local/opt/node@12/bin:/usr/local/opt/libpq/bin:/usr/local/opt/sqlite/bin:/opt/homebrew/opt/ruby/bin:/opt/homebrew/lib/ruby/gems/3.0.0/bin:/Users/stanleymartialsimeon/.rbenv/shims:/Users/stanleymartialsimeon/.rbenv/shims:/Users/stanleymartialsimeon/.rbenv/shims:/Users/stanleymartialsimeon/.rbenv/shims:/opt/homebrew/bin:/opt/homebrew/sbin:/usr/local/bin:/System/Cryptexes/App/usr/bin:/usr/bin:/bin:/usr/sbin:/sbin:/Applications/VMware Fusion.app/Contents/Public:/usr/local/share/dotnet:~/.dotnet/tools:/Library/Apple/usr/bin:/Library/Frameworks/Mono.framework/Versions/Current/Commands:/usr/local/opt/ruby/bin:/usr/local/lib/ruby/gems/2.7.0/bin:/usr/local/opt/node@12/bin:/usr/local/opt/libpq/bin:/usr/local/opt/sqlite/bin:/opt/homebrew/opt/ruby/bin:/opt/homebrew/lib/ruby/gems/3.0.0/bin:/Users/stanleymartialsimeon/.rbenv/shims:/opt/homebrew/bin:/opt/homebrew/sbin:/Users/stanleymartialsimeon/.rvm/bin/source/Users/stanleymartialsimeon/.rvm/scripts/rvm:/Users/stanleymartialsimeon/.rvm/bin/source/Users/stanleymartialsimeon/.rvm/scripts/rvm

Yarn version: 
  1.22.19

Node version: 
  16.18.0

Platform: 
  darwin arm64

Trace: 
  Error: https://registry.npmjs.org/@hotwired%2fstimulus-loading: Not found
      at Request.params.callback [as _callback] (/usr/local/lib/node_modules/yarn/lib/cli.js:66145:18)
      at Request.self.callback (/usr/local/lib/node_modules/yarn/lib/cli.js:140890:22)
      at Request.emit (node:events:513:28)
      at Request.<anonymous> (/usr/local/lib/node_modules/yarn/lib/cli.js:141862:10)
      at Request.emit (node:events:513:28)
      at IncomingMessage.<anonymous> (/usr/local/lib/node_modules/yarn/lib/cli.js:141784:12)
      at Object.onceWrapper (node:events:627:28)
      at IncomingMessage.emit (node:events:525:35)
      at endReadableNT (node:internal/streams/readable:1358:12)
      at processTicksAndRejections (node:internal/process/task_queues:83:21)

npm manifest: 
  {
    "name": "helpjuice-search",
    "version": "1.0.0",
    "description": "To create a realtime search box, where users search articles, and then to have analytics that display what users were searching for. ",
    "main": "index.js",
    "directories": {
      "lib": "lib",
      "test": "test"
    },
    "scripts": {
      "test": "echo \"Error: no test specified\" && exit 1"
    },
    "repository": {
      "type": "git",
      "url": "git+https://github.com/stanleySimeon/helpjuice-search.git"
    },
    "author": "",
    "license": "ISC",
    "bugs": {
      "url": "https://github.com/stanleySimeon/helpjuice-search/issues"
    },
    "homepage": "https://github.com/stanleySimeon/helpjuice-search#readme",
    "dependencies": {
      "@hotwired/stimulus": "^3.2.1",
      "stimulus": "^3.2.1",
      "stimulus_reflex": "3.5.0-pre8"
    }
  }

yarn manifest: 
  No manifest

Lockfile: 
  # THIS IS AN AUTOGENERATED FILE. DO NOT EDIT THIS FILE DIRECTLY.
  # yarn lockfile v1
  
  
  "@hotwired/stimulus-webpack-helpers@^1.0.0":
    version "1.0.1"
    resolved "https://registry.npmjs.org/@hotwired/stimulus-webpack-helpers/-/stimulus-webpack-helpers-1.0.1.tgz#4cd74487adeca576c9865ac2b9fe5cb20cef16dd"
    integrity sha512-wa/zupVG0eWxRYJjC1IiPBdt3Lruv0RqGN+/DTMmUWUyMAEB27KXmVY6a8YpUVTM7QwVuaLNGW4EqDgrS2upXQ==
  
  "@hotwired/stimulus@^3.2.1":
    version "3.2.1"
    resolved "https://registry.npmjs.org/@hotwired/stimulus/-/stimulus-3.2.1.tgz#e3de23623b0c52c247aba4cd5d530d257008676b"
    integrity sha512-HGlzDcf9vv/EQrMJ5ZG6VWNs8Z/xMN+1o2OhV1gKiSG6CqZt5MCBB1gRg5ILiN3U0jEAxuDTNPRfBcnZBDmupQ==
  
  "@rails/actioncable@>= 6.0":
    version "7.0.4"
    resolved "https://registry.npmjs.org/@rails/actioncable/-/actioncable-7.0.4.tgz#70a3ca56809f7aaabb80af2f9c01ae51e1a8ed41"
    integrity sha512-tz4oM+Zn9CYsvtyicsa/AwzKZKL+ITHWkhiu7x+xF77clh2b4Rm+s6xnOgY/sGDWoFWZmtKsE95hxBPkgQQNnQ==
  
  cable_ready@5.0.0-pre8:
    version "5.0.0-pre8"
    resolved "https://registry.npmjs.org/cable_ready/-/cable_ready-5.0.0-pre8.tgz#fa1b4d6f980f631ff3c895f3007a6789b2e47de7"
    integrity sha512-5TyAp0DcYiv15YGlAI4WqEBw8Mz/lARSz/pIwEEVWWUnqWQhbsMqCIYIsQoV3IXudKOowaSbukbPRYFN0PYzKg==
    dependencies:
      morphdom "^2.6.1"
  
  morphdom@^2.6.1:
    version "2.6.1"
    resolved "https://registry.npmjs.org/morphdom/-/morphdom-2.6.1.tgz#e868e24f989fa3183004b159aed643e628b4306e"
    integrity sha512-Y8YRbAEP3eKykroIBWrjcfMw7mmwJfjhqdpSvoqinu8Y702nAwikpXcNFDiIkyvfCLxLM9Wu95RZqo4a9jFBaA==
  
  stimulus@^3.2.1:
    version "3.2.1"
    resolved "https://registry.npmjs.org/stimulus/-/stimulus-3.2.1.tgz#bf049a4379ed4ff7475515acce1f0b6fa15a0187"
    integrity sha512-EhpuHnTwtkWrE5m7tQxLBLsi1aE6xJ/9MbB88aKXZSquIC4pCueKJ2AGaF5gq+/BzP7+xvYaVYA0j1dIUuBsgA==
    dependencies:
      "@hotwired/stimulus" "^3.2.1"
      "@hotwired/stimulus-webpack-helpers" "^1.0.0"
  
  stimulus_reflex@3.5.0-pre8:
    version "3.5.0-pre8"
    resolved "https://registry.npmjs.org/stimulus_reflex/-/stimulus_reflex-3.5.0-pre8.tgz#e33c33c639d87b67accbe839b962e054337bb9f6"
    integrity sha512-9nGNTeMf3URG3VsgCVt53E22H4N1DzGoyQ99NxAloxe++hbXUwsR/Lfw29uSQXSHXvzWI+waOhjZxesCIlWxPQ==
    dependencies:
      "@rails/actioncable" ">= 6.0"
      cable_ready "5.0.0-pre8"
